<?xml version="1.0" encoding="UTF-8"?>
<!-- Generated by org.testng.reporters.JUnitReportReporter -->
<testsuite hostname="DESKTOP-HQD0S3P" failures="0" tests="1" name="LoginTest" time="16.054" errors="0" timestamp="2022-09-08T12:38:31 IST" skipped="0">
  <testcase classname="LoginTest" name="verifyLogin" time="16.054"/>
  <system-out/>
</testsuite> <!-- LoginTest -->
