<?xml version="1.0" encoding="UTF-8"?>
<!-- Generated by org.testng.reporters.JUnitReportReporter -->
<testsuite hostname="DESKTOP-HQD0S3P" failures="0" tests="1" name="com.qa.TestLayer.RegisterPatientTest" time="38.954" errors="0" timestamp="2022-09-08T13:18:34 IST" skipped="0">
  <testcase classname="com.qa.TestLayer.RegisterPatientTest" name="verifyRegister" time="38.954"/>
  <system-out/>
</testsuite> <!-- com.qa.TestLayer.RegisterPatientTest -->
