<?xml version="1.0" encoding="UTF-8"?>
<!-- Generated by org.testng.reporters.JUnitReportReporter -->
<testsuite hostname="DESKTOP-HQD0S3P" failures="0" tests="1" name="com.qa.TestLayer.Login$LoginTest" time="20.979" errors="0" timestamp="2022-09-08T21:46:35 IST" skipped="0">
  <testcase classname="com.qa.TestLayer.Login$LoginTest" name="verifyLogin" time="20.979"/>
  <system-out/>
</testsuite> <!-- com.qa.TestLayer.Login$LoginTest -->
